2022-09-06 16:47:41,565 [INFO] [31m[1mWARNING: This is a development server. Do not use it in a production deployment. Use a production WSGI server instead.[0m
 * Running on http://127.0.0.1:6000
2022-09-06 16:47:41,565 [INFO] [33mPress CTRL+C to quit[0m
2022-09-06 16:47:50,732 [INFO] 127.0.0.1 - - [06/Sep/2022 16:47:50] "GET /products HTTP/1.1" 200 -
2022-09-06 16:48:52,317 [ERROR] Exception on /products [GET]
Traceback (most recent call last):
  File "/Library/Frameworks/Python.framework/Versions/3.8/lib/python3.8/site-packages/flask/app.py", line 2525, in wsgi_app
    response = self.full_dispatch_request()
  File "/Library/Frameworks/Python.framework/Versions/3.8/lib/python3.8/site-packages/flask/app.py", line 1822, in full_dispatch_request
    rv = self.handle_user_exception(e)
  File "/Library/Frameworks/Python.framework/Versions/3.8/lib/python3.8/site-packages/flask/app.py", line 1820, in full_dispatch_request
    rv = self.dispatch_request()
  File "/Library/Frameworks/Python.framework/Versions/3.8/lib/python3.8/site-packages/flask/app.py", line 1796, in dispatch_request
    return self.ensure_sync(self.view_functions[rule.endpoint])(**view_args)
  File "/Users/greg/Projects/xerris-bootcamps/xfactor-bootcamp-aws-SRE-student-handbook/Sample-Microservices/Python/product-catalog/routes.py", line 9, in home
    return json.dumps(productcatalog.readProducts(), indent=4)
  File "/Library/Frameworks/Python.framework/Versions/3.8/lib/python3.8/json/__init__.py", line 234, in dumps
    return cls(
  File "/Library/Frameworks/Python.framework/Versions/3.8/lib/python3.8/json/encoder.py", line 201, in encode
    chunks = list(chunks)
  File "/Library/Frameworks/Python.framework/Versions/3.8/lib/python3.8/json/encoder.py", line 429, in _iterencode
    yield from _iterencode_list(o, _current_indent_level)
  File "/Library/Frameworks/Python.framework/Versions/3.8/lib/python3.8/json/encoder.py", line 325, in _iterencode_list
    yield from chunks
  File "/Library/Frameworks/Python.framework/Versions/3.8/lib/python3.8/json/encoder.py", line 438, in _iterencode
    o = _default(o)
  File "/Library/Frameworks/Python.framework/Versions/3.8/lib/python3.8/json/encoder.py", line 179, in default
    raise TypeError(f'Object of type {o.__class__.__name__} '
TypeError: Object of type SimpleNamespace is not JSON serializable
2022-09-06 16:48:52,320 [INFO] 127.0.0.1 - - [06/Sep/2022 16:48:52] "[35m[1mGET /products HTTP/1.1[0m" 500 -
2022-09-06 16:49:11,710 [INFO] 127.0.0.1 - - [06/Sep/2022 16:49:11] "GET /products HTTP/1.1" 200 -
2022-09-07 05:09:33,707 [INFO] [31m[1mWARNING: This is a development server. Do not use it in a production deployment. Use a production WSGI server instead.[0m
 * Running on http://127.0.0.1:6000
2022-09-07 05:09:33,708 [INFO] [33mPress CTRL+C to quit[0m
2022-09-07 05:09:52,809 [ERROR] Exception on /products [GET]
Traceback (most recent call last):
  File "/Library/Frameworks/Python.framework/Versions/3.8/lib/python3.8/site-packages/flask/app.py", line 2525, in wsgi_app
    response = self.full_dispatch_request()
  File "/Library/Frameworks/Python.framework/Versions/3.8/lib/python3.8/site-packages/flask/app.py", line 1822, in full_dispatch_request
    rv = self.handle_user_exception(e)
  File "/Library/Frameworks/Python.framework/Versions/3.8/lib/python3.8/site-packages/flask/app.py", line 1820, in full_dispatch_request
    rv = self.dispatch_request()
  File "/Library/Frameworks/Python.framework/Versions/3.8/lib/python3.8/site-packages/flask/app.py", line 1796, in dispatch_request
    return self.ensure_sync(self.view_functions[rule.endpoint])(**view_args)
  File "/Users/greg/Projects/xerris-bootcamps/xfactor-bootcamp-aws-SRE-student-handbook/Sample-Microservices/Python/product-catalog/routes.py", line 9, in home
    return json.dumps(productcatalog.readProducts(), indent=4)
  File "/Library/Frameworks/Python.framework/Versions/3.8/lib/python3.8/json/__init__.py", line 234, in dumps
    return cls(
  File "/Library/Frameworks/Python.framework/Versions/3.8/lib/python3.8/json/encoder.py", line 201, in encode
    chunks = list(chunks)
  File "/Library/Frameworks/Python.framework/Versions/3.8/lib/python3.8/json/encoder.py", line 429, in _iterencode
    yield from _iterencode_list(o, _current_indent_level)
  File "/Library/Frameworks/Python.framework/Versions/3.8/lib/python3.8/json/encoder.py", line 325, in _iterencode_list
    yield from chunks
  File "/Library/Frameworks/Python.framework/Versions/3.8/lib/python3.8/json/encoder.py", line 438, in _iterencode
    o = _default(o)
  File "/Library/Frameworks/Python.framework/Versions/3.8/lib/python3.8/json/encoder.py", line 179, in default
    raise TypeError(f'Object of type {o.__class__.__name__} '
TypeError: Object of type Product is not JSON serializable
2022-09-07 05:09:52,814 [INFO] 127.0.0.1 - - [07/Sep/2022 05:09:52] "[35m[1mGET /products HTTP/1.1[0m" 500 -
2022-09-07 05:16:45,024 [INFO] [31m[1mWARNING: This is a development server. Do not use it in a production deployment. Use a production WSGI server instead.[0m
 * Running on http://127.0.0.1:6000
2022-09-07 05:16:45,024 [INFO] [33mPress CTRL+C to quit[0m
2022-09-07 05:16:50,713 [INFO] 127.0.0.1 - - [07/Sep/2022 05:16:50] "GET /products HTTP/1.1" 200 -
2022-09-07 05:20:25,558 [INFO] [31m[1mWARNING: This is a development server. Do not use it in a production deployment. Use a production WSGI server instead.[0m
 * Running on http://127.0.0.1:6000
2022-09-07 05:20:25,558 [INFO] [33mPress CTRL+C to quit[0m
2022-09-07 05:20:29,924 [ERROR] Exception on /products [GET]
Traceback (most recent call last):
  File "/Library/Frameworks/Python.framework/Versions/3.8/lib/python3.8/site-packages/flask/app.py", line 2525, in wsgi_app
    response = self.full_dispatch_request()
  File "/Library/Frameworks/Python.framework/Versions/3.8/lib/python3.8/site-packages/flask/app.py", line 1822, in full_dispatch_request
    rv = self.handle_user_exception(e)
  File "/Library/Frameworks/Python.framework/Versions/3.8/lib/python3.8/site-packages/flask/app.py", line 1820, in full_dispatch_request
    rv = self.dispatch_request()
  File "/Library/Frameworks/Python.framework/Versions/3.8/lib/python3.8/site-packages/flask/app.py", line 1796, in dispatch_request
    return self.ensure_sync(self.view_functions[rule.endpoint])(**view_args)
  File "/Users/greg/Projects/xerris-bootcamps/xfactor-bootcamp-aws-SRE-student-handbook/Sample-Microservices/Python/product-catalog/routes.py", line 9, in home
    return json.dumps(productcatalog.readProducts(), indent=4)
  File "/Users/greg/Projects/xerris-bootcamps/xfactor-bootcamp-aws-SRE-student-handbook/Sample-Microservices/Python/product-catalog/repository/productcatalog.py", line 8, in readProducts
    return json.dumps(data);
  File "/Library/Frameworks/Python.framework/Versions/3.8/lib/python3.8/json/__init__.py", line 231, in dumps
    return _default_encoder.encode(obj)
  File "/Library/Frameworks/Python.framework/Versions/3.8/lib/python3.8/json/encoder.py", line 199, in encode
    chunks = self.iterencode(o, _one_shot=True)
  File "/Library/Frameworks/Python.framework/Versions/3.8/lib/python3.8/json/encoder.py", line 257, in iterencode
    return _iterencode(o, 0)
  File "/Library/Frameworks/Python.framework/Versions/3.8/lib/python3.8/json/encoder.py", line 179, in default
    raise TypeError(f'Object of type {o.__class__.__name__} '
TypeError: Object of type Product is not JSON serializable
2022-09-07 05:20:29,959 [INFO] 127.0.0.1 - - [07/Sep/2022 05:20:29] "[35m[1mGET /products HTTP/1.1[0m" 500 -
2022-09-07 05:22:15,142 [INFO] [31m[1mWARNING: This is a development server. Do not use it in a production deployment. Use a production WSGI server instead.[0m
 * Running on http://127.0.0.1:6000
2022-09-07 05:22:15,142 [INFO] [33mPress CTRL+C to quit[0m
2022-09-07 05:22:17,930 [ERROR] Exception on /products [GET]
Traceback (most recent call last):
  File "/Library/Frameworks/Python.framework/Versions/3.8/lib/python3.8/site-packages/flask/app.py", line 2525, in wsgi_app
    response = self.full_dispatch_request()
  File "/Library/Frameworks/Python.framework/Versions/3.8/lib/python3.8/site-packages/flask/app.py", line 1822, in full_dispatch_request
    rv = self.handle_user_exception(e)
  File "/Library/Frameworks/Python.framework/Versions/3.8/lib/python3.8/site-packages/flask/app.py", line 1820, in full_dispatch_request
    rv = self.dispatch_request()
  File "/Library/Frameworks/Python.framework/Versions/3.8/lib/python3.8/site-packages/flask/app.py", line 1796, in dispatch_request
    return self.ensure_sync(self.view_functions[rule.endpoint])(**view_args)
  File "/Users/greg/Projects/xerris-bootcamps/xfactor-bootcamp-aws-SRE-student-handbook/Sample-Microservices/Python/product-catalog/routes.py", line 9, in home
    return json.dumps(productcatalog.readProducts(), indent=4)
  File "/Users/greg/Projects/xerris-bootcamps/xfactor-bootcamp-aws-SRE-student-handbook/Sample-Microservices/Python/product-catalog/repository/productcatalog.py", line 8, in readProducts
    return json.toJson();
AttributeError: module 'json' has no attribute 'toJson'
2022-09-07 05:22:17,932 [INFO] 127.0.0.1 - - [07/Sep/2022 05:22:17] "[35m[1mGET /products HTTP/1.1[0m" 500 -
2022-09-07 05:22:34,525 [INFO] [31m[1mWARNING: This is a development server. Do not use it in a production deployment. Use a production WSGI server instead.[0m
 * Running on http://127.0.0.1:6000
2022-09-07 05:22:34,525 [INFO] [33mPress CTRL+C to quit[0m
2022-09-07 05:22:37,360 [INFO] 127.0.0.1 - - [07/Sep/2022 05:22:37] "GET /products HTTP/1.1" 200 -
